<?xml version="1.0" encoding="UTF-8"?>
<!-- Generated by org.testng.reporters.JUnitReportReporter -->
<testsuite skipped="0" hostname="netradyne-agam" name="com.kasback.api.testing.SellerScenarios" tests="13" failures="0" timestamp="12 Jun 2018 17:45:38 GMT" time="20.238" errors="1">
  <testcase name="loginUnVerifiedSeller" time="0.364" classname="com.kasback.api.testing.SellerScenarios"/>
  <testcase name="loginVerifiedSeller" time="6.686" classname="com.kasback.api.testing.SellerScenarios"/>
  <testcase name="deleteAProduct" time="1.083" classname="com.kasback.api.testing.SellerScenarios"/>
  <testcase name="addProductForUnVerifiedSeller" time="1.880" classname="com.kasback.api.testing.SellerScenarios">
    <error type="java.lang.NumberFormatException" message="For input string: &quot;&quot;">
      <![CDATA[java.lang.NumberFormatException: For input string: ""
	at java.lang.NumberFormatException.forInputString(NumberFormatException.java:65)
	at java.lang.Integer.parseInt(Integer.java:592)
	at java.lang.Integer.parseInt(Integer.java:615)
	at com.kasback.abstestbase.AbstractTest.addNewProduct(AbstractTest.java:247)
	at com.kasback.api.testing.SellerScenarios.addProductForUnVerifiedSeller(SellerScenarios.java:72)
	at sun.reflect.NativeMethodAccessorImpl.invoke0(Native Method)
	at sun.reflect.NativeMethodAccessorImpl.invoke(NativeMethodAccessorImpl.java:62)
	at sun.reflect.DelegatingMethodAccessorImpl.invoke(DelegatingMethodAccessorImpl.java:43)
	at java.lang.reflect.Method.invoke(Method.java:498)
	at org.testng.internal.MethodInvocationHelper.invokeMethod(MethodInvocationHelper.java:108)
	at org.testng.internal.Invoker.invokeMethod(Invoker.java:661)
	at org.testng.internal.Invoker.invokeTestMethod(Invoker.java:869)
	at org.testng.internal.Invoker.invokeTestMethods(Invoker.java:1193)
	at org.testng.internal.TestMethodWorker.invokeTestMethods(TestMethodWorker.java:126)
	at org.testng.internal.TestMethodWorker.run(TestMethodWorker.java:109)
	at org.testng.TestRunner.privateRun(TestRunner.java:744)
	at org.testng.TestRunner.run(TestRunner.java:602)
	at org.testng.SuiteRunner.runTest(SuiteRunner.java:380)
	at org.testng.SuiteRunner.runSequentially(SuiteRunner.java:375)
	at org.testng.SuiteRunner.privateRun(SuiteRunner.java:340)
	at org.testng.SuiteRunner.run(SuiteRunner.java:289)
	at org.testng.SuiteRunnerWorker.runSuite(SuiteRunnerWorker.java:52)
	at org.testng.SuiteRunnerWorker.run(SuiteRunnerWorker.java:86)
	at org.testng.TestNG.runSuitesSequentially(TestNG.java:1301)
	at org.testng.TestNG.runSuitesLocally(TestNG.java:1226)
	at org.testng.TestNG.runSuites(TestNG.java:1144)
	at org.testng.TestNG.run(TestNG.java:1115)
	at org.testng.remote.AbstractRemoteTestNG.run(AbstractRemoteTestNG.java:114)
	at org.testng.remote.RemoteTestNG.initAndRun(RemoteTestNG.java:251)
	at org.testng.remote.RemoteTestNG.main(RemoteTestNG.java:77)
]]>
    </error>
  </testcase> <!-- addProductForUnVerifiedSeller -->
  <testcase name="getCategoryDetails" time="0.132" classname="com.kasback.api.testing.SellerScenarios"/>
  <testcase name="blockUserAndLogin" time="0.410" classname="com.kasback.api.testing.SellerScenarios"/>
  <testcase name="tryToCreateExistingSeller" time="0.340" classname="com.kasback.api.testing.SellerScenarios"/>
  <testcase name="unblockUserAndLogin" time="0.414" classname="com.kasback.api.testing.SellerScenarios"/>
  <testcase name="getProductDetails" time="0.411" classname="com.kasback.api.testing.SellerScenarios"/>
  <testcase name="loginWithInvalidCredentials" time="0.337" classname="com.kasback.api.testing.SellerScenarios"/>
  <testcase name="addProductForVerifiedSeller" time="7.631" classname="com.kasback.api.testing.SellerScenarios"/>
  <testcase name="createNewSeller" time="0.378" classname="com.kasback.api.testing.SellerScenarios"/>
  <testcase name="getNonRealEstateProductDetails" time="0.172" classname="com.kasback.api.testing.SellerScenarios"/>
</testsuite> <!-- com.kasback.api.testing.SellerScenarios -->
